<?xml version="1.0" encoding="UTF-8"?>
<!-- Generated by org.testng.reporters.JUnitReportReporter -->
<testsuite skipped="0" hostname="GFL-1795" name="keys.KeysTests" tests="2" failures="0" timestamp="2022-09-21T17:12:34 EEST" time="2.402" errors="0">
  <testcase name="testBackspace" time="2.256" classname="keys.KeysTests"/>
  <system-out/>
  <testcase name="testPi" time="0.146" classname="keys.KeysTests"/>
  <system-out/>
</testsuite> <!-- keys.KeysTests -->
