<?xml version="1.0" encoding="UTF-8"?>
<!-- Generated by org.testng.reporters.JUnitReportReporter -->
<testsuite skipped="0" hostname="GFL-1795" name="slider.SliderTests" tests="1" failures="0" timestamp="2022-09-21T17:12:34 EEST" time="2.292" errors="0">
  <testcase name="testSlideToWholeNumber" time="2.292" classname="slider.SliderTests"/>
  <system-out/>
</testsuite> <!-- slider.SliderTests -->
